2021-02-22 13:49:18,895 INFO o.a.j.u.JMeterUtils: Setting Locale to en_EN
2021-02-22 13:49:18,924 INFO o.a.j.JMeter: Loading user properties from: D:\Installed\apache-jmeter-5.3\bin\user.properties
2021-02-22 13:49:18,925 INFO o.a.j.JMeter: Loading system properties from: D:\Installed\apache-jmeter-5.3\bin\system.properties
2021-02-22 13:49:18,925 INFO o.a.j.JMeter: Setting JMeter property: sample_variables=trxTimeStamp
2021-02-22 13:49:18,926 INFO o.a.j.JMeter: Setting JMeter property: loadGenNumber=1
2021-02-22 13:49:18,926 INFO o.a.j.JMeter: Setting JMeter property: duration=300
2021-02-22 13:49:18,926 INFO o.a.j.JMeter: Setting JMeter property: jmeter.reportgenerator.overall_granularity=60000
2021-02-22 13:49:18,926 INFO o.a.j.JMeter: Setting System property: nashorn.args=--no-deprecation-warning
2021-02-22 13:49:18,929 INFO o.a.j.JMeter: Copyright (c) 1998-2020 The Apache Software Foundation
2021-02-22 13:49:18,929 INFO o.a.j.JMeter: Version 5.3
2021-02-22 13:49:18,929 INFO o.a.j.JMeter: java.version=11.0.6
2021-02-22 13:49:18,930 INFO o.a.j.JMeter: java.vm.name=Java HotSpot(TM) 64-Bit Server VM
2021-02-22 13:49:18,930 INFO o.a.j.JMeter: os.name=Windows 10
2021-02-22 13:49:18,930 INFO o.a.j.JMeter: os.arch=amd64
2021-02-22 13:49:18,930 INFO o.a.j.JMeter: os.version=10.0
2021-02-22 13:49:18,930 INFO o.a.j.JMeter: file.encoding=Cp1252
2021-02-22 13:49:18,930 INFO o.a.j.JMeter: java.awt.headless=true
2021-02-22 13:49:18,930 INFO o.a.j.JMeter: Max memory     =1073741824
2021-02-22 13:49:18,931 INFO o.a.j.JMeter: Available Processors =8
2021-02-22 13:49:18,944 INFO o.a.j.JMeter: Default Locale=English (EN)
2021-02-22 13:49:18,944 INFO o.a.j.JMeter: JMeter  Locale=English (EN)
2021-02-22 13:49:18,944 INFO o.a.j.JMeter: JMeterHome=D:\Installed\apache-jmeter-5.3
2021-02-22 13:49:18,944 INFO o.a.j.JMeter: user.dir  =D:\Projects\JArchitect-RealTime-App-Analysis\Jmeter_Performance
2021-02-22 13:49:18,945 INFO o.a.j.JMeter: PWD       =D:\Projects\JArchitect-RealTime-App-Analysis\Jmeter_Performance
2021-02-22 13:49:18,948 INFO o.a.j.JMeter: IP: 169.254.151.137 Name: DESKTOP-VPGUUNH FullName: DESKTOP-VPGUUNH
2021-02-22 13:49:18,953 INFO o.a.j.JMeter: Setting property 'jmeter.reportgenerator.outputdir' to:'D:\Projects\JArchitect-RealTime-App-Analysis\Jmeter_Performance\executions\D1\DESKTOP-VPGUUNH\20210222_134917\Report'
2021-02-22 13:49:18,957 INFO o.a.j.s.FileServer: Default base='D:\Projects\JArchitect-RealTime-App-Analysis\Jmeter_Performance'
2021-02-22 13:49:18,959 INFO o.a.j.s.FileServer: Set new base='D:\Projects\JArchitect-RealTime-App-Analysis\Jmeter_Performance'
2021-02-22 13:49:19,145 INFO o.a.j.s.SaveService: Testplan (JMX) version: 2.2. Testlog (JTL) version: 2.2
2021-02-22 13:49:19,170 INFO o.a.j.s.SaveService: Using SaveService properties version 5.0
2021-02-22 13:49:19,180 INFO o.a.j.s.SaveService: Using SaveService properties file encoding UTF-8
2021-02-22 13:49:19,186 INFO o.a.j.s.SaveService: Loading file: D:\Projects\JArchitect-RealTime-App-Analysis\Jmeter_Performance\ShiftHunter_Pattern_RestController.jmx
2021-02-22 13:49:19,251 INFO o.a.j.p.h.c.CookieManager: Settings: Delete null: true Check: true Allow variable: true Save: false Prefix: COOKIE_
2021-02-22 13:49:19,310 INFO o.a.j.p.h.s.HTTPSamplerBase: Parser for text/html is org.apache.jmeter.protocol.http.parser.LagartoBasedHtmlParser
2021-02-22 13:49:19,310 INFO o.a.j.p.h.s.HTTPSamplerBase: Parser for application/xhtml+xml is org.apache.jmeter.protocol.http.parser.LagartoBasedHtmlParser
2021-02-22 13:49:19,310 INFO o.a.j.p.h.s.HTTPSamplerBase: Parser for application/xml is org.apache.jmeter.protocol.http.parser.LagartoBasedHtmlParser
2021-02-22 13:49:19,310 INFO o.a.j.p.h.s.HTTPSamplerBase: Parser for text/xml is org.apache.jmeter.protocol.http.parser.LagartoBasedHtmlParser
2021-02-22 13:49:19,310 INFO o.a.j.p.h.s.HTTPSamplerBase: Parser for text/vnd.wap.wml is org.apache.jmeter.protocol.http.parser.RegexpHTMLParser
2021-02-22 13:49:19,310 INFO o.a.j.p.h.s.HTTPSamplerBase: Parser for text/css is org.apache.jmeter.protocol.http.parser.CssParser
2021-02-22 13:49:19,360 INFO o.a.j.JMeter: Creating summariser <summary>
2021-02-22 13:49:19,367 INFO o.a.j.r.d.ReportGenerator: ReportGenerator will use for Parsing the separator: ','
2021-02-22 13:49:19,367 INFO o.a.j.r.d.ReportGenerator: Will generate report at end of test from  results file: D:\Projects\JArchitect-RealTime-App-Analysis\Jmeter_Performance\executions\D1\DESKTOP-VPGUUNH\20210222_134917\log.jtl
2021-02-22 13:49:19,368 INFO o.a.j.r.d.ReportGenerator: Reading report generator properties from: D:\Installed\apache-jmeter-5.3\bin\reportgenerator.properties
2021-02-22 13:49:19,383 INFO o.a.j.r.d.ReportGenerator: Merging with JMeter properties
2021-02-22 13:49:19,389 INFO o.a.j.r.c.ReportGeneratorConfiguration: Property 'jmeter.reportgenerator.temp_dir' not found, using default value 'temp' instead.
2021-02-22 13:49:19,393 INFO o.a.j.r.c.ReportGeneratorConfiguration: Property 'jmeter.reportgenerator.apdex_per_transaction' not found, using default value 'null' instead.
2021-02-22 13:49:19,393 INFO o.a.j.r.c.ReportGeneratorConfiguration: apdex_per_transaction is empty, not APDEX per transaction customization
2021-02-22 13:49:19,393 INFO o.a.j.r.c.ReportGeneratorConfiguration: Property 'jmeter.reportgenerator.sample_filter' not found, using default value 'null' instead.
2021-02-22 13:49:19,394 INFO o.a.j.r.c.ReportGeneratorConfiguration: Property 'jmeter.reportgenerator.report_title' not found, using default value 'null' instead.
2021-02-22 13:49:19,394 INFO o.a.j.r.c.ReportGeneratorConfiguration: Property 'jmeter.reportgenerator.start_date' not found, using default value 'null' instead.
2021-02-22 13:49:19,394 INFO o.a.j.r.c.ReportGeneratorConfiguration: Property 'jmeter.reportgenerator.end_date' not found, using default value 'null' instead.
2021-02-22 13:49:19,394 INFO o.a.j.r.c.ReportGeneratorConfiguration: Property 'jmeter.reportgenerator.date_format' not found, using default value 'null' instead.
2021-02-22 13:49:19,395 INFO o.a.j.r.c.ReportGeneratorConfiguration: Will use date range start date: null, end date: null
2021-02-22 13:49:19,400 INFO o.a.j.r.c.ReportGeneratorConfiguration: Property 'jmeter.reportgenerator.graph.totalTPS.exclude_controllers' not found, using default value 'false' instead.
2021-02-22 13:49:19,401 INFO o.a.j.r.c.ReportGeneratorConfiguration: Property 'jmeter.reportgenerator.graph.activeThreadsOverTime.exclude_controllers' not found, using default value 'false' instead.
2021-02-22 13:49:19,401 INFO o.a.j.r.c.ReportGeneratorConfiguration: Property 'jmeter.reportgenerator.graph.timeVsThreads.exclude_controllers' not found, using default value 'false' instead.
2021-02-22 13:49:19,401 INFO o.a.j.r.c.ReportGeneratorConfiguration: Property 'jmeter.reportgenerator.graph.responseTimeDistribution.exclude_controllers' not found, using default value 'false' instead.
2021-02-22 13:49:19,401 INFO o.a.j.r.c.ReportGeneratorConfiguration: Property 'jmeter.reportgenerator.graph.transactionsPerSecond.exclude_controllers' not found, using default value 'false' instead.
2021-02-22 13:49:19,401 INFO o.a.j.r.c.ReportGeneratorConfiguration: Property 'jmeter.reportgenerator.graph.responseTimePercentiles.exclude_controllers' not found, using default value 'false' instead.
2021-02-22 13:49:19,402 INFO o.a.j.r.c.ReportGeneratorConfiguration: Property 'jmeter.reportgenerator.graph.responseTimePercentilesOverTime.exclude_controllers' not found, using default value 'false' instead.
2021-02-22 13:49:19,402 INFO o.a.j.r.c.ReportGeneratorConfiguration: Property 'jmeter.reportgenerator.graph.responseTimesOverTime.exclude_controllers' not found, using default value 'false' instead.
2021-02-22 13:49:19,402 INFO o.a.j.r.c.ReportGeneratorConfiguration: Property 'jmeter.reportgenerator.graph.connectTimeOverTime.exclude_controllers' not found, using default value 'false' instead.
2021-02-22 13:49:19,403 INFO o.a.j.r.c.ReportGeneratorConfiguration: Property 'jmeter.reportgenerator.graph.latenciesOverTime.exclude_controllers' not found, using default value 'false' instead.
2021-02-22 13:49:19,404 INFO o.a.j.r.c.ReportGeneratorConfiguration: Property 'jmeter.reportgenerator.exporter.json.filters_only_sample_series' not found, using default value 'true' instead.
2021-02-22 13:49:19,404 INFO o.a.j.r.c.ReportGeneratorConfiguration: Property 'jmeter.reportgenerator.exporter.json.series_filter' not found, using default value '' instead.
2021-02-22 13:49:19,404 INFO o.a.j.r.c.ReportGeneratorConfiguration: Property 'jmeter.reportgenerator.exporter.json.show_controllers_only' not found, using default value 'false' instead.
2021-02-22 13:49:19,405 INFO o.a.j.r.c.ReportGeneratorConfiguration: Property 'jmeter.reportgenerator.exporter.html.filters_only_sample_series' not found, using default value 'true' instead.
2021-02-22 13:49:19,405 INFO o.a.j.r.c.ReportGeneratorConfiguration: Property 'jmeter.reportgenerator.exporter.html.series_filter' not found, using default value '' instead.
2021-02-22 13:49:19,405 INFO o.a.j.r.c.ReportGeneratorConfiguration: Property 'jmeter.reportgenerator.exporter.html.show_controllers_only' not found, using default value 'false' instead.
2021-02-22 13:49:19,413 INFO o.a.j.e.StandardJMeterEngine: Running the test!
2021-02-22 13:49:19,414 INFO o.a.j.s.SampleEvent: List of sample_variables: [trxTimeStamp]
2021-02-22 13:49:19,414 INFO o.a.j.s.SampleEvent: List of sample_variables: [trxTimeStamp]
2021-02-22 13:49:19,427 INFO o.a.j.e.u.CompoundVariable: Note: Function class names must contain the string: '.functions.'
2021-02-22 13:49:19,428 INFO o.a.j.e.u.CompoundVariable: Note: Function class names must not contain the string: '.gui.'
2021-02-22 13:49:20,225 INFO o.a.j.r.ResultCollector: Folder at D:\Projects\JArchitect-RealTime-App-Analysis\Jmeter_Performance\log\D1\DESKTOP-VPGUUNH\20210222_134919 was created
2021-02-22 13:49:21,765 INFO o.a.j.JMeter: Running test (1613998161765)
2021-02-22 13:49:21,802 INFO o.a.j.e.StandardJMeterEngine: Starting ThreadGroup: 1 : Thread Group - Ticks
2021-02-22 13:49:21,802 INFO o.a.j.e.StandardJMeterEngine: Starting 25 threads for group Thread Group - Ticks.
2021-02-22 13:49:21,802 INFO o.a.j.e.StandardJMeterEngine: Thread will continue on error
2021-02-22 13:49:21,803 INFO o.a.j.t.ThreadGroup: Starting thread group... number=1 threads=25 ramp-up=30 delayedStart=false
2021-02-22 13:49:21,866 INFO o.a.j.t.JMeterThread: Thread started: Thread Group - Ticks 1-1
2021-02-22 13:49:21,874 INFO o.a.j.s.FileServer: Stored: D:\Projects\JArchitect-RealTime-App-Analysis\Jmeter_Performance\\data\Instruments-for-Tests-LowLoad.csv Alias: D:\Projects\JArchitect-RealTime-App-Analysis\Jmeter_Performance\\data\Instruments-for-Tests-LowLoad.csv@1702296079
2021-02-22 13:49:21,875 INFO o.a.j.t.ThreadGroup: Started thread group number 1
2021-02-22 13:49:21,876 INFO o.a.j.e.StandardJMeterEngine: Starting ThreadGroup: 2 : Thread Group - Statistics
2021-02-22 13:49:21,876 INFO o.a.j.e.StandardJMeterEngine: Starting 25 threads for group Thread Group - Statistics.
2021-02-22 13:49:21,876 INFO o.a.j.e.StandardJMeterEngine: Thread will continue on error
2021-02-22 13:49:21,876 INFO o.a.j.t.ThreadGroup: Starting thread group... number=2 threads=25 ramp-up=30 delayedStart=false
2021-02-22 13:49:21,879 INFO o.a.j.t.JMeterThread: Thread started: Thread Group - Statistics 2-1
2021-02-22 13:49:21,907 INFO o.a.j.t.ThreadGroup: Started thread group number 2
2021-02-22 13:49:21,907 INFO o.a.j.e.StandardJMeterEngine: Starting ThreadGroup: 3 : Thread Group - Statistics Instruments
2021-02-22 13:49:21,907 INFO o.a.j.e.StandardJMeterEngine: Starting 25 threads for group Thread Group - Statistics Instruments.
2021-02-22 13:49:21,907 INFO o.a.j.e.StandardJMeterEngine: Thread will continue on error
2021-02-22 13:49:21,907 INFO o.a.j.t.ThreadGroup: Starting thread group... number=3 threads=25 ramp-up=30 delayedStart=false
2021-02-22 13:49:21,909 INFO o.a.j.t.JMeterThread: Thread started: Thread Group - Statistics Instruments 3-1
2021-02-22 13:49:21,911 INFO o.a.j.s.FileServer: Stored: D:\Projects\JArchitect-RealTime-App-Analysis\Jmeter_Performance\\data\Instruments-for-Tests-LowLoad.csv Alias: D:\Projects\JArchitect-RealTime-App-Analysis\Jmeter_Performance\\data\Instruments-for-Tests-LowLoad.csv@2136118070
2021-02-22 13:49:21,927 INFO o.a.j.p.h.s.HTTPHCAbstractImpl: Local host = DESKTOP-VPGUUNH
2021-02-22 13:49:21,934 INFO o.a.j.t.ThreadGroup: Started thread group number 3
2021-02-22 13:49:21,934 INFO o.a.j.e.StandardJMeterEngine: All thread groups have been started
2021-02-22 13:49:21,943 INFO o.a.j.p.h.s.HTTPHC4Impl: HTTP request retry count = 0
2021-02-22 13:49:21,947 INFO o.a.j.s.SampleResult: Note: Sample TimeStamps are START times
2021-02-22 13:49:21,947 INFO o.a.j.s.SampleResult: sampleresult.default.encoding is set to ISO-8859-1
2021-02-22 13:49:21,948 INFO o.a.j.s.SampleResult: sampleresult.useNanoTime=true
2021-02-22 13:49:21,948 INFO o.a.j.s.SampleResult: sampleresult.nanoThreadSleep=5000
2021-02-22 13:49:23,068 INFO o.a.j.t.JMeterThread: Thread started: Thread Group - Ticks 1-2
2021-02-22 13:49:23,068 INFO o.a.j.s.FileServer: Stored: D:\Projects\JArchitect-RealTime-App-Analysis\Jmeter_Performance\\data\Instruments-for-Tests-LowLoad.csv Alias: D:\Projects\JArchitect-RealTime-App-Analysis\Jmeter_Performance\\data\Instruments-for-Tests-LowLoad.csv@884434592
2021-02-22 13:49:23,079 INFO o.a.j.t.JMeterThread: Thread started: Thread Group - Statistics 2-2
2021-02-22 13:49:23,111 INFO o.a.j.t.JMeterThread: Thread started: Thread Group - Statistics Instruments 3-2
2021-02-22 13:49:23,111 INFO o.a.j.s.FileServer: Stored: D:\Projects\JArchitect-RealTime-App-Analysis\Jmeter_Performance\\data\Instruments-for-Tests-LowLoad.csv Alias: D:\Projects\JArchitect-RealTime-App-Analysis\Jmeter_Performance\\data\Instruments-for-Tests-LowLoad.csv@1057101753
2021-02-22 13:49:24,260 INFO o.a.j.t.JMeterThread: Thread started: Thread Group - Ticks 1-3
2021-02-22 13:49:24,261 INFO o.a.j.s.FileServer: Stored: D:\Projects\JArchitect-RealTime-App-Analysis\Jmeter_Performance\\data\Instruments-for-Tests-LowLoad.csv Alias: D:\Projects\JArchitect-RealTime-App-Analysis\Jmeter_Performance\\data\Instruments-for-Tests-LowLoad.csv@126469442
2021-02-22 13:49:24,279 INFO o.a.j.t.JMeterThread: Thread started: Thread Group - Statistics 2-3
2021-02-22 13:49:24,313 INFO o.a.j.t.JMeterThread: Thread started: Thread Group - Statistics Instruments 3-3
2021-02-22 13:49:24,314 INFO o.a.j.s.FileServer: Stored: D:\Projects\JArchitect-RealTime-App-Analysis\Jmeter_Performance\\data\Instruments-for-Tests-LowLoad.csv Alias: D:\Projects\JArchitect-RealTime-App-Analysis\Jmeter_Performance\\data\Instruments-for-Tests-LowLoad.csv@2116427552
2021-02-22 13:49:25,459 INFO o.a.j.t.JMeterThread: Thread started: Thread Group - Ticks 1-4
2021-02-22 13:49:25,459 INFO o.a.j.s.FileServer: Stored: D:\Projects\JArchitect-RealTime-App-Analysis\Jmeter_Performance\\data\Instruments-for-Tests-LowLoad.csv Alias: D:\Projects\JArchitect-RealTime-App-Analysis\Jmeter_Performance\\data\Instruments-for-Tests-LowLoad.csv@949652885
2021-02-22 13:49:25,480 INFO o.a.j.t.JMeterThread: Thread started: Thread Group - Statistics 2-4
2021-02-22 13:49:25,522 INFO o.a.j.t.JMeterThread: Thread started: Thread Group - Statistics Instruments 3-4
2021-02-22 13:49:25,525 INFO o.a.j.s.FileServer: Stored: D:\Projects\JArchitect-RealTime-App-Analysis\Jmeter_Performance\\data\Instruments-for-Tests-LowLoad.csv Alias: D:\Projects\JArchitect-RealTime-App-Analysis\Jmeter_Performance\\data\Instruments-for-Tests-LowLoad.csv@1983985430
2021-02-22 13:49:26,658 INFO o.a.j.t.JMeterThread: Thread started: Thread Group - Ticks 1-5
2021-02-22 13:49:26,658 INFO o.a.j.s.FileServer: Stored: D:\Projects\JArchitect-RealTime-App-Analysis\Jmeter_Performance\\data\Instruments-for-Tests-LowLoad.csv Alias: D:\Projects\JArchitect-RealTime-App-Analysis\Jmeter_Performance\\data\Instruments-for-Tests-LowLoad.csv@888827450
2021-02-22 13:49:26,682 INFO o.a.j.t.JMeterThread: Thread started: Thread Group - Statistics 2-5
2021-02-22 13:49:26,711 INFO o.a.j.t.JMeterThread: Thread started: Thread Group - Statistics Instruments 3-5
2021-02-22 13:49:26,712 INFO o.a.j.s.FileServer: Stored: D:\Projects\JArchitect-RealTime-App-Analysis\Jmeter_Performance\\data\Instruments-for-Tests-LowLoad.csv Alias: D:\Projects\JArchitect-RealTime-App-Analysis\Jmeter_Performance\\data\Instruments-for-Tests-LowLoad.csv@1262019265
2021-02-22 13:49:27,853 INFO o.a.j.t.JMeterThread: Thread started: Thread Group - Ticks 1-6
2021-02-22 13:49:27,856 INFO o.a.j.s.FileServer: Stored: D:\Projects\JArchitect-RealTime-App-Analysis\Jmeter_Performance\\data\Instruments-for-Tests-LowLoad.csv Alias: D:\Projects\JArchitect-RealTime-App-Analysis\Jmeter_Performance\\data\Instruments-for-Tests-LowLoad.csv@303259011
2021-02-22 13:49:27,880 INFO o.a.j.t.JMeterThread: Thread started: Thread Group - Statistics 2-6
2021-02-22 13:49:27,914 INFO o.a.j.t.JMeterThread: Thread started: Thread Group - Statistics Instruments 3-6
2021-02-22 13:49:27,915 INFO o.a.j.s.FileServer: Stored: D:\Projects\JArchitect-RealTime-App-Analysis\Jmeter_Performance\\data\Instruments-for-Tests-LowLoad.csv Alias: D:\Projects\JArchitect-RealTime-App-Analysis\Jmeter_Performance\\data\Instruments-for-Tests-LowLoad.csv@698018805
2021-02-22 13:49:29,052 INFO o.a.j.t.JMeterThread: Thread started: Thread Group - Ticks 1-7
2021-02-22 13:49:29,053 INFO o.a.j.s.FileServer: Stored: D:\Projects\JArchitect-RealTime-App-Analysis\Jmeter_Performance\\data\Instruments-for-Tests-LowLoad.csv Alias: D:\Projects\JArchitect-RealTime-App-Analysis\Jmeter_Performance\\data\Instruments-for-Tests-LowLoad.csv@1995145047
2021-02-22 13:49:29,080 INFO o.a.j.t.JMeterThread: Thread started: Thread Group - Statistics 2-7
2021-02-22 13:49:29,113 INFO o.a.j.t.JMeterThread: Thread started: Thread Group - Statistics Instruments 3-7
2021-02-22 13:49:29,113 INFO o.a.j.s.FileServer: Stored: D:\Projects\JArchitect-RealTime-App-Analysis\Jmeter_Performance\\data\Instruments-for-Tests-LowLoad.csv Alias: D:\Projects\JArchitect-RealTime-App-Analysis\Jmeter_Performance\\data\Instruments-for-Tests-LowLoad.csv@954552937
2021-02-22 13:49:30,245 INFO o.a.j.t.JMeterThread: Thread started: Thread Group - Ticks 1-8
2021-02-22 13:49:30,245 INFO o.a.j.s.FileServer: Stored: D:\Projects\JArchitect-RealTime-App-Analysis\Jmeter_Performance\\data\Instruments-for-Tests-LowLoad.csv Alias: D:\Projects\JArchitect-RealTime-App-Analysis\Jmeter_Performance\\data\Instruments-for-Tests-LowLoad.csv@435768497
2021-02-22 13:49:30,281 INFO o.a.j.t.JMeterThread: Thread started: Thread Group - Statistics 2-8
2021-02-22 13:49:30,282 INFO o.a.j.r.Summariser: summary +     28 in 00:00:09 =    3.3/s Avg:    41 Min:     5 Max:   352 Err:     0 (0.00%) Active: 23 Started: 23 Finished: 0
2021-02-22 13:49:30,315 INFO o.a.j.t.JMeterThread: Thread started: Thread Group - Statistics Instruments 3-8
2021-02-22 13:49:30,315 INFO o.a.j.s.FileServer: Stored: D:\Projects\JArchitect-RealTime-App-Analysis\Jmeter_Performance\\data\Instruments-for-Tests-LowLoad.csv Alias: D:\Projects\JArchitect-RealTime-App-Analysis\Jmeter_Performance\\data\Instruments-for-Tests-LowLoad.csv@1846474704
2021-02-22 13:49:31,443 INFO o.a.j.t.JMeterThread: Thread started: Thread Group - Ticks 1-9
2021-02-22 13:49:31,443 INFO o.a.j.s.FileServer: Stored: D:\Projects\JArchitect-RealTime-App-Analysis\Jmeter_Performance\\data\Instruments-for-Tests-LowLoad.csv Alias: D:\Projects\JArchitect-RealTime-App-Analysis\Jmeter_Performance\\data\Instruments-for-Tests-LowLoad.csv@2128405290
2021-02-22 13:49:31,480 INFO o.a.j.t.JMeterThread: Thread started: Thread Group - Statistics 2-9
2021-02-22 13:49:31,511 INFO o.a.j.t.JMeterThread: Thread started: Thread Group - Statistics Instruments 3-9
2021-02-22 13:49:31,512 INFO o.a.j.s.FileServer: Stored: D:\Projects\JArchitect-RealTime-App-Analysis\Jmeter_Performance\\data\Instruments-for-Tests-LowLoad.csv Alias: D:\Projects\JArchitect-RealTime-App-Analysis\Jmeter_Performance\\data\Instruments-for-Tests-LowLoad.csv@1521556931
2021-02-22 13:49:32,639 INFO o.a.j.t.JMeterThread: Thread started: Thread Group - Ticks 1-10
2021-02-22 13:49:32,639 INFO o.a.j.s.FileServer: Stored: D:\Projects\JArchitect-RealTime-App-Analysis\Jmeter_Performance\\data\Instruments-for-Tests-LowLoad.csv Alias: D:\Projects\JArchitect-RealTime-App-Analysis\Jmeter_Performance\\data\Instruments-for-Tests-LowLoad.csv@759424867
2021-02-22 13:49:32,679 INFO o.a.j.t.JMeterThread: Thread started: Thread Group - Statistics 2-10
2021-02-22 13:49:32,711 INFO o.a.j.t.JMeterThread: Thread started: Thread Group - Statistics Instruments 3-10
2021-02-22 13:49:32,711 INFO o.a.j.s.FileServer: Stored: D:\Projects\JArchitect-RealTime-App-Analysis\Jmeter_Performance\\data\Instruments-for-Tests-LowLoad.csv Alias: D:\Projects\JArchitect-RealTime-App-Analysis\Jmeter_Performance\\data\Instruments-for-Tests-LowLoad.csv@69781998
2021-02-22 13:49:33,829 INFO o.a.j.t.JMeterThread: Thread started: Thread Group - Ticks 1-11
2021-02-22 13:49:33,832 INFO o.a.j.s.FileServer: Stored: D:\Projects\JArchitect-RealTime-App-Analysis\Jmeter_Performance\\data\Instruments-for-Tests-LowLoad.csv Alias: D:\Projects\JArchitect-RealTime-App-Analysis\Jmeter_Performance\\data\Instruments-for-Tests-LowLoad.csv@603095999
2021-02-22 13:49:33,877 INFO o.a.j.t.JMeterThread: Thread started: Thread Group - Statistics 2-11
2021-02-22 13:49:33,911 INFO o.a.j.t.JMeterThread: Thread started: Thread Group - Statistics Instruments 3-11
2021-02-22 13:49:33,912 INFO o.a.j.s.FileServer: Stored: D:\Projects\JArchitect-RealTime-App-Analysis\Jmeter_Performance\\data\Instruments-for-Tests-LowLoad.csv Alias: D:\Projects\JArchitect-RealTime-App-Analysis\Jmeter_Performance\\data\Instruments-for-Tests-LowLoad.csv@89016925
2021-02-22 13:49:35,031 INFO o.a.j.t.JMeterThread: Thread started: Thread Group - Ticks 1-12
2021-02-22 13:49:35,031 INFO o.a.j.s.FileServer: Stored: D:\Projects\JArchitect-RealTime-App-Analysis\Jmeter_Performance\\data\Instruments-for-Tests-LowLoad.csv Alias: D:\Projects\JArchitect-RealTime-App-Analysis\Jmeter_Performance\\data\Instruments-for-Tests-LowLoad.csv@1014585231
2021-02-22 13:49:35,078 INFO o.a.j.t.JMeterThread: Thread started: Thread Group - Statistics 2-12
2021-02-22 13:49:35,112 INFO o.a.j.t.JMeterThread: Thread started: Thread Group - Statistics Instruments 3-12
2021-02-22 13:49:35,113 INFO o.a.j.s.FileServer: Stored: D:\Projects\JArchitect-RealTime-App-Analysis\Jmeter_Performance\\data\Instruments-for-Tests-LowLoad.csv Alias: D:\Projects\JArchitect-RealTime-App-Analysis\Jmeter_Performance\\data\Instruments-for-Tests-LowLoad.csv@581339085
2021-02-22 13:49:36,223 INFO o.a.j.t.JMeterThread: Thread started: Thread Group - Ticks 1-13
2021-02-22 13:49:36,223 INFO o.a.j.s.FileServer: Stored: D:\Projects\JArchitect-RealTime-App-Analysis\Jmeter_Performance\\data\Instruments-for-Tests-LowLoad.csv Alias: D:\Projects\JArchitect-RealTime-App-Analysis\Jmeter_Performance\\data\Instruments-for-Tests-LowLoad.csv@1205632367
2021-02-22 13:49:36,277 INFO o.a.j.t.JMeterThread: Thread started: Thread Group - Statistics 2-13
2021-02-22 13:49:36,310 INFO o.a.j.t.JMeterThread: Thread started: Thread Group - Statistics Instruments 3-13
2021-02-22 13:49:36,316 INFO o.a.j.s.FileServer: Stored: D:\Projects\JArchitect-RealTime-App-Analysis\Jmeter_Performance\\data\Instruments-for-Tests-LowLoad.csv Alias: D:\Projects\JArchitect-RealTime-App-Analysis\Jmeter_Performance\\data\Instruments-for-Tests-LowLoad.csv@1445628248
2021-02-22 13:49:37,423 INFO o.a.j.t.JMeterThread: Thread started: Thread Group - Ticks 1-14
2021-02-22 13:49:37,423 INFO o.a.j.s.FileServer: Stored: D:\Projects\JArchitect-RealTime-App-Analysis\Jmeter_Performance\\data\Instruments-for-Tests-LowLoad.csv Alias: D:\Projects\JArchitect-RealTime-App-Analysis\Jmeter_Performance\\data\Instruments-for-Tests-LowLoad.csv@566819371
2021-02-22 13:49:37,479 INFO o.a.j.t.JMeterThread: Thread started: Thread Group - Statistics 2-14
2021-02-22 13:49:37,510 INFO o.a.j.t.JMeterThread: Thread started: Thread Group - Statistics Instruments 3-14
2021-02-22 13:49:37,511 INFO o.a.j.s.FileServer: Stored: D:\Projects\JArchitect-RealTime-App-Analysis\Jmeter_Performance\\data\Instruments-for-Tests-LowLoad.csv Alias: D:\Projects\JArchitect-RealTime-App-Analysis\Jmeter_Performance\\data\Instruments-for-Tests-LowLoad.csv@162378357
2021-02-22 13:49:38,623 INFO o.a.j.t.JMeterThread: Thread started: Thread Group - Ticks 1-15
2021-02-22 13:49:38,623 INFO o.a.j.s.FileServer: Stored: D:\Projects\JArchitect-RealTime-App-Analysis\Jmeter_Performance\\data\Instruments-for-Tests-LowLoad.csv Alias: D:\Projects\JArchitect-RealTime-App-Analysis\Jmeter_Performance\\data\Instruments-for-Tests-LowLoad.csv@1770730146
2021-02-22 13:49:38,681 INFO o.a.j.t.JMeterThread: Thread started: Thread Group - Statistics 2-15
2021-02-22 13:49:38,711 INFO o.a.j.t.JMeterThread: Thread started: Thread Group - Statistics Instruments 3-15
2021-02-22 13:49:38,711 INFO o.a.j.s.FileServer: Stored: D:\Projects\JArchitect-RealTime-App-Analysis\Jmeter_Performance\\data\Instruments-for-Tests-LowLoad.csv Alias: D:\Projects\JArchitect-RealTime-App-Analysis\Jmeter_Performance\\data\Instruments-for-Tests-LowLoad.csv@1795868978
2021-02-22 13:49:39,816 INFO o.a.j.t.JMeterThread: Thread started: Thread Group - Ticks 1-16
2021-02-22 13:49:39,816 INFO o.a.j.s.FileServer: Stored: D:\Projects\JArchitect-RealTime-App-Analysis\Jmeter_Performance\\data\Instruments-for-Tests-LowLoad.csv Alias: D:\Projects\JArchitect-RealTime-App-Analysis\Jmeter_Performance\\data\Instruments-for-Tests-LowLoad.csv@50886062
2021-02-22 13:49:39,878 INFO o.a.j.t.JMeterThread: Thread started: Thread Group - Statistics 2-16
2021-02-22 13:49:39,909 INFO o.a.j.t.JMeterThread: Thread started: Thread Group - Statistics Instruments 3-16
2021-02-22 13:49:39,909 INFO o.a.j.s.FileServer: Stored: D:\Projects\JArchitect-RealTime-App-Analysis\Jmeter_Performance\\data\Instruments-for-Tests-LowLoad.csv Alias: D:\Projects\JArchitect-RealTime-App-Analysis\Jmeter_Performance\\data\Instruments-for-Tests-LowLoad.csv@305917644
2021-02-22 13:49:41,018 INFO o.a.j.t.JMeterThread: Thread started: Thread Group - Ticks 1-17
2021-02-22 13:49:41,018 INFO o.a.j.s.FileServer: Stored: D:\Projects\JArchitect-RealTime-App-Analysis\Jmeter_Performance\\data\Instruments-for-Tests-LowLoad.csv Alias: D:\Projects\JArchitect-RealTime-App-Analysis\Jmeter_Performance\\data\Instruments-for-Tests-LowLoad.csv@587466264
2021-02-22 13:49:41,080 INFO o.a.j.t.JMeterThread: Thread started: Thread Group - Statistics 2-17
2021-02-22 13:49:41,110 INFO o.a.j.t.JMeterThread: Thread started: Thread Group - Statistics Instruments 3-17
2021-02-22 13:49:41,111 INFO o.a.j.s.FileServer: Stored: D:\Projects\JArchitect-RealTime-App-Analysis\Jmeter_Performance\\data\Instruments-for-Tests-LowLoad.csv Alias: D:\Projects\JArchitect-RealTime-App-Analysis\Jmeter_Performance\\data\Instruments-for-Tests-LowLoad.csv@736683743
2021-02-22 13:49:42,215 INFO o.a.j.t.JMeterThread: Thread started: Thread Group - Ticks 1-18
2021-02-22 13:49:42,215 INFO o.a.j.s.FileServer: Stored: D:\Projects\JArchitect-RealTime-App-Analysis\Jmeter_Performance\\data\Instruments-for-Tests-LowLoad.csv Alias: D:\Projects\JArchitect-RealTime-App-Analysis\Jmeter_Performance\\data\Instruments-for-Tests-LowLoad.csv@355544145
2021-02-22 13:49:42,281 INFO o.a.j.t.JMeterThread: Thread started: Thread Group - Statistics 2-18
2021-02-22 13:49:42,310 INFO o.a.j.t.JMeterThread: Thread started: Thread Group - Statistics Instruments 3-18
2021-02-22 13:49:42,312 INFO o.a.j.s.FileServer: Stored: D:\Projects\JArchitect-RealTime-App-Analysis\Jmeter_Performance\\data\Instruments-for-Tests-LowLoad.csv Alias: D:\Projects\JArchitect-RealTime-App-Analysis\Jmeter_Performance\\data\Instruments-for-Tests-LowLoad.csv@1146421076
2021-02-22 13:49:43,412 INFO o.a.j.t.JMeterThread: Thread started: Thread Group - Ticks 1-19
2021-02-22 13:49:43,412 INFO o.a.j.s.FileServer: Stored: D:\Projects\JArchitect-RealTime-App-Analysis\Jmeter_Performance\\data\Instruments-for-Tests-LowLoad.csv Alias: D:\Projects\JArchitect-RealTime-App-Analysis\Jmeter_Performance\\data\Instruments-for-Tests-LowLoad.csv@1674137170
2021-02-22 13:49:43,479 INFO o.a.j.t.JMeterThread: Thread started: Thread Group - Statistics 2-19
2021-02-22 13:49:43,510 INFO o.a.j.t.JMeterThread: Thread started: Thread Group - Statistics Instruments 3-19
2021-02-22 13:49:43,510 INFO o.a.j.s.FileServer: Stored: D:\Projects\JArchitect-RealTime-App-Analysis\Jmeter_Performance\\data\Instruments-for-Tests-LowLoad.csv Alias: D:\Projects\JArchitect-RealTime-App-Analysis\Jmeter_Performance\\data\Instruments-for-Tests-LowLoad.csv@341510475
2021-02-22 13:49:44,611 INFO o.a.j.t.JMeterThread: Thread started: Thread Group - Ticks 1-20
2021-02-22 13:49:44,611 INFO o.a.j.s.FileServer: Stored: D:\Projects\JArchitect-RealTime-App-Analysis\Jmeter_Performance\\data\Instruments-for-Tests-LowLoad.csv Alias: D:\Projects\JArchitect-RealTime-App-Analysis\Jmeter_Performance\\data\Instruments-for-Tests-LowLoad.csv@1867169226
2021-02-22 13:49:44,678 INFO o.a.j.t.JMeterThread: Thread started: Thread Group - Statistics 2-20
2021-02-22 13:49:44,712 INFO o.a.j.t.JMeterThread: Thread started: Thread Group - Statistics Instruments 3-20
2021-02-22 13:49:44,712 INFO o.a.j.s.FileServer: Stored: D:\Projects\JArchitect-RealTime-App-Analysis\Jmeter_Performance\\data\Instruments-for-Tests-LowLoad.csv Alias: D:\Projects\JArchitect-RealTime-App-Analysis\Jmeter_Performance\\data\Instruments-for-Tests-LowLoad.csv@1056551828
2021-02-22 13:49:45,808 INFO o.a.j.t.JMeterThread: Thread started: Thread Group - Ticks 1-21
2021-02-22 13:49:45,808 INFO o.a.j.s.FileServer: Stored: D:\Projects\JArchitect-RealTime-App-Analysis\Jmeter_Performance\\data\Instruments-for-Tests-LowLoad.csv Alias: D:\Projects\JArchitect-RealTime-App-Analysis\Jmeter_Performance\\data\Instruments-for-Tests-LowLoad.csv@61889906
2021-02-22 13:49:45,878 INFO o.a.j.t.JMeterThread: Thread started: Thread Group - Statistics 2-21
2021-02-22 13:49:45,912 INFO o.a.j.t.JMeterThread: Thread started: Thread Group - Statistics Instruments 3-21
2021-02-22 13:49:45,913 INFO o.a.j.s.FileServer: Stored: D:\Projects\JArchitect-RealTime-App-Analysis\Jmeter_Performance\\data\Instruments-for-Tests-LowLoad.csv Alias: D:\Projects\JArchitect-RealTime-App-Analysis\Jmeter_Performance\\data\Instruments-for-Tests-LowLoad.csv@1864910679
2021-02-22 13:49:47,007 INFO o.a.j.t.JMeterThread: Thread started: Thread Group - Ticks 1-22
2021-02-22 13:49:47,007 INFO o.a.j.s.FileServer: Stored: D:\Projects\JArchitect-RealTime-App-Analysis\Jmeter_Performance\\data\Instruments-for-Tests-LowLoad.csv Alias: D:\Projects\JArchitect-RealTime-App-Analysis\Jmeter_Performance\\data\Instruments-for-Tests-LowLoad.csv@508042890
2021-02-22 13:49:47,078 INFO o.a.j.t.JMeterThread: Thread started: Thread Group - Statistics 2-22
2021-02-22 13:49:47,111 INFO o.a.j.t.JMeterThread: Thread started: Thread Group - Statistics Instruments 3-22
2021-02-22 13:49:47,111 INFO o.a.j.s.FileServer: Stored: D:\Projects\JArchitect-RealTime-App-Analysis\Jmeter_Performance\\data\Instruments-for-Tests-LowLoad.csv Alias: D:\Projects\JArchitect-RealTime-App-Analysis\Jmeter_Performance\\data\Instruments-for-Tests-LowLoad.csv@1559083535
2021-02-22 13:49:48,207 INFO o.a.j.t.JMeterThread: Thread started: Thread Group - Ticks 1-23
2021-02-22 13:49:48,207 INFO o.a.j.s.FileServer: Stored: D:\Projects\JArchitect-RealTime-App-Analysis\Jmeter_Performance\\data\Instruments-for-Tests-LowLoad.csv Alias: D:\Projects\JArchitect-RealTime-App-Analysis\Jmeter_Performance\\data\Instruments-for-Tests-LowLoad.csv@1623112234
2021-02-22 13:49:48,279 INFO o.a.j.t.JMeterThread: Thread started: Thread Group - Statistics 2-23
2021-02-22 13:49:48,310 INFO o.a.j.t.JMeterThread: Thread started: Thread Group - Statistics Instruments 3-23
2021-02-22 13:49:48,310 INFO o.a.j.s.FileServer: Stored: D:\Projects\JArchitect-RealTime-App-Analysis\Jmeter_Performance\\data\Instruments-for-Tests-LowLoad.csv Alias: D:\Projects\JArchitect-RealTime-App-Analysis\Jmeter_Performance\\data\Instruments-for-Tests-LowLoad.csv@1171070195
2021-02-22 13:49:49,406 INFO o.a.j.t.JMeterThread: Thread started: Thread Group - Ticks 1-24
2021-02-22 13:49:49,406 INFO o.a.j.s.FileServer: Stored: D:\Projects\JArchitect-RealTime-App-Analysis\Jmeter_Performance\\data\Instruments-for-Tests-LowLoad.csv Alias: D:\Projects\JArchitect-RealTime-App-Analysis\Jmeter_Performance\\data\Instruments-for-Tests-LowLoad.csv@2105901762
2021-02-22 13:49:49,478 INFO o.a.j.t.JMeterThread: Thread started: Thread Group - Statistics 2-24
2021-02-22 13:49:49,509 INFO o.a.j.t.JMeterThread: Thread started: Thread Group - Statistics Instruments 3-24
2021-02-22 13:49:49,510 INFO o.a.j.s.FileServer: Stored: D:\Projects\JArchitect-RealTime-App-Analysis\Jmeter_Performance\\data\Instruments-for-Tests-LowLoad.csv Alias: D:\Projects\JArchitect-RealTime-App-Analysis\Jmeter_Performance\\data\Instruments-for-Tests-LowLoad.csv@429851403
2021-02-22 13:49:50,607 INFO o.a.j.t.JMeterThread: Thread started: Thread Group - Ticks 1-25
2021-02-22 13:49:50,611 INFO o.a.j.s.FileServer: Stored: D:\Projects\JArchitect-RealTime-App-Analysis\Jmeter_Performance\\data\Instruments-for-Tests-LowLoad.csv Alias: D:\Projects\JArchitect-RealTime-App-Analysis\Jmeter_Performance\\data\Instruments-for-Tests-LowLoad.csv@1177536625
2021-02-22 13:49:50,678 INFO o.a.j.t.JMeterThread: Thread started: Thread Group - Statistics 2-25
2021-02-22 13:49:50,710 INFO o.a.j.t.JMeterThread: Thread started: Thread Group - Statistics Instruments 3-25
2021-02-22 13:49:50,710 INFO o.a.j.s.FileServer: Stored: D:\Projects\JArchitect-RealTime-App-Analysis\Jmeter_Performance\\data\Instruments-for-Tests-LowLoad.csv Alias: D:\Projects\JArchitect-RealTime-App-Analysis\Jmeter_Performance\\data\Instruments-for-Tests-LowLoad.csv@473958721
2021-02-22 13:50:02,673 INFO o.a.j.r.Summariser: summary +     81 in 00:00:32 =    2.5/s Avg:     8 Min:     3 Max:    53 Err:     0 (0.00%) Active: 75 Started: 75 Finished: 0
2021-02-22 13:50:02,674 INFO o.a.j.r.Summariser: summary =    109 in 00:00:41 =    2.7/s Avg:    17 Min:     3 Max:   352 Err:     0 (0.00%)
2021-02-22 13:50:32,042 INFO o.a.j.r.Summariser: summary +     30 in 00:00:29 =    1.0/s Avg:     5 Min:     3 Max:    18 Err:     0 (0.00%) Active: 75 Started: 75 Finished: 0
2021-02-22 13:50:32,044 INFO o.a.j.r.Summariser: summary =    139 in 00:01:10 =    2.0/s Avg:    14 Min:     3 Max:   352 Err:     0 (0.00%)
2021-02-22 13:51:01,428 INFO o.a.j.r.Summariser: summary +     27 in 00:00:29 =    0.9/s Avg:     4 Min:     3 Max:     8 Err:     0 (0.00%) Active: 75 Started: 75 Finished: 0
2021-02-22 13:51:01,429 INFO o.a.j.r.Summariser: summary =    166 in 00:01:40 =    1.7/s Avg:    12 Min:     3 Max:   352 Err:     0 (0.00%)
2021-02-22 13:51:30,243 INFO o.a.j.r.Summariser: summary +     33 in 00:00:29 =    1.1/s Avg:     5 Min:     3 Max:    24 Err:     0 (0.00%) Active: 75 Started: 75 Finished: 0
2021-02-22 13:51:30,244 INFO o.a.j.r.Summariser: summary =    199 in 00:02:08 =    1.5/s Avg:    11 Min:     3 Max:   352 Err:     0 (0.00%)
2021-02-22 13:52:03,831 INFO o.a.j.r.Summariser: summary +     30 in 00:00:34 =    0.9/s Avg:     5 Min:     2 Max:    18 Err:     0 (0.00%) Active: 75 Started: 75 Finished: 0
2021-02-22 13:52:03,836 INFO o.a.j.r.Summariser: summary =    229 in 00:02:42 =    1.4/s Avg:    10 Min:     2 Max:   352 Err:     0 (0.00%)
2021-02-22 13:52:32,656 INFO o.a.j.r.Summariser: summary +     30 in 00:00:29 =    1.0/s Avg:     5 Min:     3 Max:    18 Err:     0 (0.00%) Active: 75 Started: 75 Finished: 0
2021-02-22 13:52:32,657 INFO o.a.j.r.Summariser: summary =    259 in 00:03:11 =    1.4/s Avg:    10 Min:     2 Max:   352 Err:     0 (0.00%)
2021-02-22 13:53:02,042 INFO o.a.j.r.Summariser: summary +     30 in 00:00:29 =    1.0/s Avg:     5 Min:     2 Max:    20 Err:     0 (0.00%) Active: 75 Started: 75 Finished: 0
2021-02-22 13:53:02,042 INFO o.a.j.r.Summariser: summary =    289 in 00:03:40 =    1.3/s Avg:     9 Min:     2 Max:   352 Err:     0 (0.00%)
2021-02-22 13:53:10,434 INFO o.a.j.t.JMeterThread: Thread finished: Thread Group - Ticks 1-19
2021-02-22 13:53:10,494 INFO o.a.j.t.JMeterThread: Thread finished: Thread Group - Statistics 2-19
2021-02-22 13:53:10,534 INFO o.a.j.t.JMeterThread: Thread finished: Thread Group - Statistics Instruments 3-19
2021-02-22 13:53:14,634 INFO o.a.j.t.JMeterThread: Thread finished: Thread Group - Ticks 1-20
2021-02-22 13:53:14,704 INFO o.a.j.t.JMeterThread: Thread finished: Thread Group - Statistics 2-20
2021-02-22 13:53:14,734 INFO o.a.j.t.JMeterThread: Thread finished: Thread Group - Statistics Instruments 3-20
2021-02-22 13:53:18,829 INFO o.a.j.t.JMeterThread: Thread finished: Thread Group - Ticks 1-21
2021-02-22 13:53:18,891 INFO o.a.j.t.JMeterThread: Thread finished: Thread Group - Ticks 1-6
2021-02-22 13:53:18,918 INFO o.a.j.t.JMeterThread: Thread finished: Thread Group - Statistics 2-21
2021-02-22 13:53:18,931 INFO o.a.j.t.JMeterThread: Thread finished: Thread Group - Statistics 2-6
2021-02-22 13:53:18,956 INFO o.a.j.t.JMeterThread: Thread finished: Thread Group - Statistics Instruments 3-6
2021-02-22 13:53:18,961 INFO o.a.j.t.JMeterThread: Thread finished: Thread Group - Statistics Instruments 3-21
2021-02-22 13:53:23,026 INFO o.a.j.t.JMeterThread: Thread finished: Thread Group - Ticks 1-22
2021-02-22 13:53:23,098 INFO o.a.j.t.JMeterThread: Thread finished: Thread Group - Statistics 2-22
2021-02-22 13:53:23,146 INFO o.a.j.t.JMeterThread: Thread finished: Thread Group - Statistics Instruments 3-22
2021-02-22 13:53:27,232 INFO o.a.j.t.JMeterThread: Thread finished: Thread Group - Ticks 1-23
2021-02-22 13:53:27,300 INFO o.a.j.t.JMeterThread: Thread finished: Thread Group - Statistics 2-23
2021-02-22 13:53:27,328 INFO o.a.j.t.JMeterThread: Thread finished: Thread Group - Statistics Instruments 3-23
2021-02-22 13:53:31,423 INFO o.a.j.r.Summariser: summary +     27 in 00:00:29 =    0.9/s Avg:     5 Min:     2 Max:    21 Err:     0 (0.00%) Active: 57 Started: 75 Finished: 18
2021-02-22 13:53:31,424 INFO o.a.j.r.Summariser: summary =    316 in 00:04:10 =    1.3/s Avg:     9 Min:     2 Max:   352 Err:     0 (0.00%)
2021-02-22 13:53:31,425 INFO o.a.j.t.JMeterThread: Thread finished: Thread Group - Ticks 1-24
2021-02-22 13:53:31,492 INFO o.a.j.t.JMeterThread: Thread finished: Thread Group - Statistics 2-24
2021-02-22 13:53:31,531 INFO o.a.j.t.JMeterThread: Thread finished: Thread Group - Statistics Instruments 3-24
2021-02-22 13:53:32,072 INFO o.a.j.t.JMeterThread: Thread finished: Thread Group - Ticks 1-7
2021-02-22 13:53:32,099 INFO o.a.j.t.JMeterThread: Thread finished: Thread Group - Ticks 1-2
2021-02-22 13:53:32,109 INFO o.a.j.t.JMeterThread: Thread finished: Thread Group - Statistics 2-7
2021-02-22 13:53:32,114 INFO o.a.j.t.JMeterThread: Thread finished: Thread Group - Statistics 2-2
2021-02-22 13:53:32,140 INFO o.a.j.t.JMeterThread: Thread finished: Thread Group - Statistics Instruments 3-7
2021-02-22 13:53:32,143 INFO o.a.j.t.JMeterThread: Thread finished: Thread Group - Statistics Instruments 3-2
2021-02-22 13:53:35,625 INFO o.a.j.t.JMeterThread: Thread finished: Thread Group - Ticks 1-25
2021-02-22 13:53:35,692 INFO o.a.j.t.JMeterThread: Thread finished: Thread Group - Statistics 2-25
2021-02-22 13:53:35,736 INFO o.a.j.t.JMeterThread: Thread finished: Thread Group - Statistics Instruments 3-25
2021-02-22 13:53:39,264 INFO o.a.j.t.JMeterThread: Thread finished: Thread Group - Ticks 1-8
2021-02-22 13:53:39,306 INFO o.a.j.t.JMeterThread: Thread finished: Thread Group - Statistics 2-8
2021-02-22 13:53:39,335 INFO o.a.j.t.JMeterThread: Thread finished: Thread Group - Statistics Instruments 3-8
2021-02-22 13:53:43,483 INFO o.a.j.t.JMeterThread: Thread finished: Thread Group - Ticks 1-9
2021-02-22 13:53:43,500 INFO o.a.j.t.JMeterThread: Thread finished: Thread Group - Statistics 2-9
2021-02-22 13:53:43,530 INFO o.a.j.t.JMeterThread: Thread finished: Thread Group - Statistics Instruments 3-9
2021-02-22 13:53:47,655 INFO o.a.j.t.JMeterThread: Thread finished: Thread Group - Ticks 1-10
2021-02-22 13:53:47,697 INFO o.a.j.t.JMeterThread: Thread finished: Thread Group - Statistics 2-10
2021-02-22 13:53:47,729 INFO o.a.j.t.JMeterThread: Thread finished: Thread Group - Statistics Instruments 3-10
2021-02-22 13:53:48,282 INFO o.a.j.t.JMeterThread: Thread finished: Thread Group - Ticks 1-3
2021-02-22 13:53:48,292 INFO o.a.j.t.JMeterThread: Thread finished: Thread Group - Statistics 2-3
2021-02-22 13:53:48,333 INFO o.a.j.t.JMeterThread: Thread finished: Thread Group - Statistics Instruments 3-3
2021-02-22 13:53:51,849 INFO o.a.j.t.JMeterThread: Thread finished: Thread Group - Ticks 1-11
2021-02-22 13:53:51,903 INFO o.a.j.t.JMeterThread: Thread finished: Thread Group - Statistics 2-1
2021-02-22 13:53:51,904 INFO o.a.j.t.JMeterThread: Thread finished: Thread Group - Statistics 2-11
2021-02-22 13:53:51,905 INFO o.a.j.t.JMeterThread: Thread finished: Thread Group - Ticks 1-1
2021-02-22 13:53:51,942 INFO o.a.j.t.JMeterThread: Thread finished: Thread Group - Statistics Instruments 3-1
2021-02-22 13:53:56,049 INFO o.a.j.t.JMeterThread: Thread finished: Thread Group - Ticks 1-12
2021-02-22 13:53:56,095 INFO o.a.j.t.JMeterThread: Thread finished: Thread Group - Statistics 2-12
2021-02-22 13:53:56,133 INFO o.a.j.t.JMeterThread: Thread finished: Thread Group - Statistics Instruments 3-12
2021-02-22 13:54:00,246 INFO o.a.j.r.Summariser: summary +     33 in 00:00:29 =    1.1/s Avg:     4 Min:     2 Max:    14 Err:     0 (0.00%) Active: 25 Started: 75 Finished: 50
2021-02-22 13:54:00,247 INFO o.a.j.r.Summariser: summary =    349 in 00:04:38 =    1.3/s Avg:     9 Min:     2 Max:   352 Err:     0 (0.00%)
2021-02-22 13:54:00,248 INFO o.a.j.t.JMeterThread: Thread finished: Thread Group - Ticks 1-13
2021-02-22 13:54:00,302 INFO o.a.j.t.JMeterThread: Thread finished: Thread Group - Statistics 2-13
2021-02-22 13:54:00,337 INFO o.a.j.t.JMeterThread: Thread finished: Thread Group - Statistics Instruments 3-13
2021-02-22 13:54:04,437 INFO o.a.j.t.JMeterThread: Thread finished: Thread Group - Ticks 1-14
2021-02-22 13:54:04,477 INFO o.a.j.t.JMeterThread: Thread finished: Thread Group - Ticks 1-4
2021-02-22 13:54:04,495 INFO o.a.j.t.JMeterThread: Thread finished: Thread Group - Statistics 2-14
2021-02-22 13:54:04,495 INFO o.a.j.t.JMeterThread: Thread finished: Thread Group - Statistics 2-4
2021-02-22 13:54:04,525 INFO o.a.j.t.JMeterThread: Thread finished: Thread Group - Statistics Instruments 3-14
2021-02-22 13:54:04,551 INFO o.a.j.t.JMeterThread: Thread finished: Thread Group - Statistics Instruments 3-4
2021-02-22 13:54:08,641 INFO o.a.j.t.JMeterThread: Thread finished: Thread Group - Ticks 1-15
2021-02-22 13:54:08,699 INFO o.a.j.t.JMeterThread: Thread finished: Thread Group - Statistics 2-15
2021-02-22 13:54:08,727 INFO o.a.j.t.JMeterThread: Thread finished: Thread Group - Statistics Instruments 3-15
2021-02-22 13:54:12,834 INFO o.a.j.t.JMeterThread: Thread finished: Thread Group - Ticks 1-16
2021-02-22 13:54:12,893 INFO o.a.j.t.JMeterThread: Thread finished: Thread Group - Statistics 2-16
2021-02-22 13:54:12,926 INFO o.a.j.t.JMeterThread: Thread finished: Thread Group - Statistics Instruments 3-16
2021-02-22 13:54:17,036 INFO o.a.j.t.JMeterThread: Thread finished: Thread Group - Ticks 1-17
2021-02-22 13:54:17,097 INFO o.a.j.t.JMeterThread: Thread finished: Thread Group - Statistics 2-17
2021-02-22 13:54:17,128 INFO o.a.j.t.JMeterThread: Thread finished: Thread Group - Statistics Instruments 3-17
2021-02-22 13:54:17,675 INFO o.a.j.t.JMeterThread: Thread finished: Thread Group - Ticks 1-5
2021-02-22 13:54:17,703 INFO o.a.j.t.JMeterThread: Thread finished: Thread Group - Statistics 2-5
2021-02-22 13:54:17,730 INFO o.a.j.t.JMeterThread: Thread finished: Thread Group - Statistics Instruments 3-5
2021-02-22 13:54:21,233 INFO o.a.j.t.JMeterThread: Thread finished: Thread Group - Ticks 1-18
2021-02-22 13:54:21,301 INFO o.a.j.t.JMeterThread: Thread finished: Thread Group - Statistics 2-18
2021-02-22 13:54:21,326 INFO o.a.j.t.JMeterThread: Thread finished: Thread Group - Statistics Instruments 3-18
2021-02-22 13:54:21,936 INFO o.a.j.t.JMeterThread: Stopping because end time detected by thread: Thread Group - Statistics Instruments 3-11
2021-02-22 13:54:21,936 INFO o.a.j.t.JMeterThread: Thread finished: Thread Group - Statistics Instruments 3-11
2021-02-22 13:54:21,937 INFO o.a.j.e.StandardJMeterEngine: Notifying test listeners of end of test
2021-02-22 13:54:21,937 INFO o.a.j.s.FileServer: Close: D:\Projects\JArchitect-RealTime-App-Analysis\Jmeter_Performance\\data\Instruments-for-Tests-LowLoad.csv@2136118070
2021-02-22 13:54:21,937 INFO o.a.j.s.FileServer: Close: D:\Projects\JArchitect-RealTime-App-Analysis\Jmeter_Performance\\data\Instruments-for-Tests-LowLoad.csv@954552937
2021-02-22 13:54:21,938 INFO o.a.j.s.FileServer: Close: D:\Projects\JArchitect-RealTime-App-Analysis\Jmeter_Performance\\data\Instruments-for-Tests-LowLoad.csv@1702296079
2021-02-22 13:54:21,938 INFO o.a.j.s.FileServer: Close: D:\Projects\JArchitect-RealTime-App-Analysis\Jmeter_Performance\\data\Instruments-for-Tests-LowLoad.csv@1205632367
2021-02-22 13:54:21,939 INFO o.a.j.s.FileServer: Close: D:\Projects\JArchitect-RealTime-App-Analysis\Jmeter_Performance\\data\Instruments-for-Tests-LowLoad.csv@1864910679
2021-02-22 13:54:21,939 INFO o.a.j.s.FileServer: Close: D:\Projects\JArchitect-RealTime-App-Analysis\Jmeter_Performance\\data\Instruments-for-Tests-LowLoad.csv@89016925
2021-02-22 13:54:21,940 INFO o.a.j.s.FileServer: Close: D:\Projects\JArchitect-RealTime-App-Analysis\Jmeter_Performance\\data\Instruments-for-Tests-LowLoad.csv@736683743
2021-02-22 13:54:21,940 INFO o.a.j.s.FileServer: Close: D:\Projects\JArchitect-RealTime-App-Analysis\Jmeter_Performance\\data\Instruments-for-Tests-LowLoad.csv@1995145047
2021-02-22 13:54:21,940 INFO o.a.j.s.FileServer: Close: D:\Projects\JArchitect-RealTime-App-Analysis\Jmeter_Performance\\data\Instruments-for-Tests-LowLoad.csv@603095999
2021-02-22 13:54:21,941 INFO o.a.j.s.FileServer: Close: D:\Projects\JArchitect-RealTime-App-Analysis\Jmeter_Performance\\data\Instruments-for-Tests-LowLoad.csv@949652885
2021-02-22 13:54:21,941 INFO o.a.j.s.FileServer: Close: D:\Projects\JArchitect-RealTime-App-Analysis\Jmeter_Performance\\data\Instruments-for-Tests-LowLoad.csv@61889906
2021-02-22 13:54:21,942 INFO o.a.j.s.FileServer: Close: D:\Projects\JArchitect-RealTime-App-Analysis\Jmeter_Performance\\data\Instruments-for-Tests-LowLoad.csv@69781998
2021-02-22 13:54:21,942 INFO o.a.j.s.FileServer: Close: D:\Projects\JArchitect-RealTime-App-Analysis\Jmeter_Performance\\data\Instruments-for-Tests-LowLoad.csv@1014585231
2021-02-22 13:54:21,942 INFO o.a.j.s.FileServer: Close: D:\Projects\JArchitect-RealTime-App-Analysis\Jmeter_Performance\\data\Instruments-for-Tests-LowLoad.csv@1674137170
2021-02-22 13:54:21,942 INFO o.a.j.s.FileServer: Close: D:\Projects\JArchitect-RealTime-App-Analysis\Jmeter_Performance\\data\Instruments-for-Tests-LowLoad.csv@2116427552
2021-02-22 13:54:21,942 INFO o.a.j.s.FileServer: Close: D:\Projects\JArchitect-RealTime-App-Analysis\Jmeter_Performance\\data\Instruments-for-Tests-LowLoad.csv@1521556931
2021-02-22 13:54:21,943 INFO o.a.j.s.FileServer: Close: D:\Projects\JArchitect-RealTime-App-Analysis\Jmeter_Performance\\data\Instruments-for-Tests-LowLoad.csv@759424867
2021-02-22 13:54:21,943 INFO o.a.j.s.FileServer: Close: D:\Projects\JArchitect-RealTime-App-Analysis\Jmeter_Performance\\data\Instruments-for-Tests-LowLoad.csv@429851403
2021-02-22 13:54:21,943 INFO o.a.j.s.FileServer: Close: D:\Projects\JArchitect-RealTime-App-Analysis\Jmeter_Performance\\data\Instruments-for-Tests-LowLoad.csv@884434592
2021-02-22 13:54:21,944 INFO o.a.j.s.FileServer: Close: D:\Projects\JArchitect-RealTime-App-Analysis\Jmeter_Performance\\data\Instruments-for-Tests-LowLoad.csv@2105901762
2021-02-22 13:54:21,944 INFO o.a.j.s.FileServer: Close: D:\Projects\JArchitect-RealTime-App-Analysis\Jmeter_Performance\\data\Instruments-for-Tests-LowLoad.csv@508042890
2021-02-22 13:54:21,944 INFO o.a.j.s.FileServer: Close: D:\Projects\JArchitect-RealTime-App-Analysis\Jmeter_Performance\\data\Instruments-for-Tests-LowLoad.csv@1146421076
2021-02-22 13:54:21,944 INFO o.a.j.s.FileServer: Close: D:\Projects\JArchitect-RealTime-App-Analysis\Jmeter_Performance\\data\Instruments-for-Tests-LowLoad.csv@126469442
2021-02-22 13:54:21,944 INFO o.a.j.s.FileServer: Close: D:\Projects\JArchitect-RealTime-App-Analysis\Jmeter_Performance\\data\Instruments-for-Tests-LowLoad.csv@305917644
2021-02-22 13:54:21,944 INFO o.a.j.s.FileServer: Close: D:\Projects\JArchitect-RealTime-App-Analysis\Jmeter_Performance\\data\Instruments-for-Tests-LowLoad.csv@698018805
2021-02-22 13:54:21,944 INFO o.a.j.s.FileServer: Close: D:\Projects\JArchitect-RealTime-App-Analysis\Jmeter_Performance\\data\Instruments-for-Tests-LowLoad.csv@303259011
2021-02-22 13:54:21,944 INFO o.a.j.s.FileServer: Close: D:\Projects\JArchitect-RealTime-App-Analysis\Jmeter_Performance\\data\Instruments-for-Tests-LowLoad.csv@1770730146
2021-02-22 13:54:21,944 INFO o.a.j.s.FileServer: Close: D:\Projects\JArchitect-RealTime-App-Analysis\Jmeter_Performance\\data\Instruments-for-Tests-LowLoad.csv@566819371
2021-02-22 13:54:21,944 INFO o.a.j.s.FileServer: Close: D:\Projects\JArchitect-RealTime-App-Analysis\Jmeter_Performance\\data\Instruments-for-Tests-LowLoad.csv@1177536625
2021-02-22 13:54:21,945 INFO o.a.j.s.FileServer: Close: D:\Projects\JArchitect-RealTime-App-Analysis\Jmeter_Performance\\data\Instruments-for-Tests-LowLoad.csv@1057101753
2021-02-22 13:54:21,945 INFO o.a.j.s.FileServer: Close: D:\Projects\JArchitect-RealTime-App-Analysis\Jmeter_Performance\\data\Instruments-for-Tests-LowLoad.csv@1056551828
2021-02-22 13:54:21,945 INFO o.a.j.s.FileServer: Close: D:\Projects\JArchitect-RealTime-App-Analysis\Jmeter_Performance\\data\Instruments-for-Tests-LowLoad.csv@1262019265
2021-02-22 13:54:21,945 INFO o.a.j.s.FileServer: Close: D:\Projects\JArchitect-RealTime-App-Analysis\Jmeter_Performance\\data\Instruments-for-Tests-LowLoad.csv@1171070195
2021-02-22 13:54:21,945 INFO o.a.j.s.FileServer: Close: D:\Projects\JArchitect-RealTime-App-Analysis\Jmeter_Performance\\data\Instruments-for-Tests-LowLoad.csv@1445628248
2021-02-22 13:54:21,945 INFO o.a.j.s.FileServer: Close: D:\Projects\JArchitect-RealTime-App-Analysis\Jmeter_Performance\\data\Instruments-for-Tests-LowLoad.csv@341510475
2021-02-22 13:54:21,945 INFO o.a.j.s.FileServer: Close: D:\Projects\JArchitect-RealTime-App-Analysis\Jmeter_Performance\\data\Instruments-for-Tests-LowLoad.csv@473958721
2021-02-22 13:54:21,945 INFO o.a.j.s.FileServer: Close: D:\Projects\JArchitect-RealTime-App-Analysis\Jmeter_Performance\\data\Instruments-for-Tests-LowLoad.csv@1559083535
2021-02-22 13:54:21,945 INFO o.a.j.s.FileServer: Close: D:\Projects\JArchitect-RealTime-App-Analysis\Jmeter_Performance\\data\Instruments-for-Tests-LowLoad.csv@587466264
2021-02-22 13:54:21,945 INFO o.a.j.s.FileServer: Close: D:\Projects\JArchitect-RealTime-App-Analysis\Jmeter_Performance\\data\Instruments-for-Tests-LowLoad.csv@1623112234
2021-02-22 13:54:21,945 INFO o.a.j.s.FileServer: Close: D:\Projects\JArchitect-RealTime-App-Analysis\Jmeter_Performance\\data\Instruments-for-Tests-LowLoad.csv@435768497
2021-02-22 13:54:21,945 INFO o.a.j.s.FileServer: Close: D:\Projects\JArchitect-RealTime-App-Analysis\Jmeter_Performance\\data\Instruments-for-Tests-LowLoad.csv@162378357
2021-02-22 13:54:21,945 INFO o.a.j.s.FileServer: Close: D:\Projects\JArchitect-RealTime-App-Analysis\Jmeter_Performance\\data\Instruments-for-Tests-LowLoad.csv@2128405290
2021-02-22 13:54:21,945 INFO o.a.j.s.FileServer: Close: D:\Projects\JArchitect-RealTime-App-Analysis\Jmeter_Performance\\data\Instruments-for-Tests-LowLoad.csv@888827450
2021-02-22 13:54:21,945 INFO o.a.j.s.FileServer: Close: D:\Projects\JArchitect-RealTime-App-Analysis\Jmeter_Performance\\data\Instruments-for-Tests-LowLoad.csv@1795868978
2021-02-22 13:54:21,946 INFO o.a.j.s.FileServer: Close: D:\Projects\JArchitect-RealTime-App-Analysis\Jmeter_Performance\\data\Instruments-for-Tests-LowLoad.csv@581339085
2021-02-22 13:54:21,946 INFO o.a.j.s.FileServer: Close: D:\Projects\JArchitect-RealTime-App-Analysis\Jmeter_Performance\\data\Instruments-for-Tests-LowLoad.csv@1867169226
2021-02-22 13:54:21,946 INFO o.a.j.s.FileServer: Close: D:\Projects\JArchitect-RealTime-App-Analysis\Jmeter_Performance\\data\Instruments-for-Tests-LowLoad.csv@1983985430
2021-02-22 13:54:21,946 INFO o.a.j.s.FileServer: Close: D:\Projects\JArchitect-RealTime-App-Analysis\Jmeter_Performance\\data\Instruments-for-Tests-LowLoad.csv@1846474704
2021-02-22 13:54:21,946 INFO o.a.j.s.FileServer: Close: D:\Projects\JArchitect-RealTime-App-Analysis\Jmeter_Performance\\data\Instruments-for-Tests-LowLoad.csv@50886062
2021-02-22 13:54:21,946 INFO o.a.j.s.FileServer: Close: D:\Projects\JArchitect-RealTime-App-Analysis\Jmeter_Performance\\data\Instruments-for-Tests-LowLoad.csv@355544145
2021-02-22 13:54:21,949 INFO o.a.j.r.Summariser: summary +     24 in 00:00:22 =    1.1/s Avg:     3 Min:     2 Max:     7 Err:     0 (0.00%) Active: 0 Started: 75 Finished: 75
2021-02-22 13:54:21,949 INFO o.a.j.r.Summariser: summary =    373 in 00:05:00 =    1.2/s Avg:     8 Min:     2 Max:   352 Err:     0 (0.00%)
2021-02-22 13:54:21,950 INFO o.a.j.JMeter: Generating Dashboard
2021-02-22 13:54:21,950 INFO o.a.j.r.d.ReportGenerator: Flushing result collector before report Generation
2021-02-22 13:54:21,976 INFO o.a.j.r.p.NormalizerSampleConsumer: Using format, 'ms', to parse timeStamp field
2021-02-22 13:54:23,033 INFO o.a.j.r.p.AbstractSampleConsumer: class org.apache.jmeter.report.processor.AggregateConsumer#stopProducing(): beginDate produced 0 samples
2021-02-22 13:54:23,033 INFO o.a.j.r.p.AbstractSampleConsumer: class org.apache.jmeter.report.processor.AggregateConsumer#stopProducing(): endDate produced 0 samples
2021-02-22 13:54:23,036 INFO o.a.j.r.p.AbstractSampleConsumer: class org.apache.jmeter.report.processor.ApdexSummaryConsumer#stopProducing(): apdexSummary produced 0 samples
2021-02-22 13:54:23,036 INFO o.a.j.r.p.AbstractSampleConsumer: class org.apache.jmeter.report.processor.RequestsSummaryConsumer#stopProducing(): requestsSummary produced 0 samples
2021-02-22 13:54:23,042 INFO o.a.j.r.p.AbstractSampleConsumer: class org.apache.jmeter.report.processor.StatisticsSummaryConsumer#stopProducing(): statisticsSummary produced 0 samples
2021-02-22 13:54:23,044 INFO o.a.j.r.p.AbstractSampleConsumer: class org.apache.jmeter.report.processor.Top5ErrorsBySamplerConsumer#stopProducing(): top5ErrorsBySampler produced 0 samples
2021-02-22 13:54:23,044 INFO o.a.j.r.p.AbstractSampleConsumer: class org.apache.jmeter.report.processor.ErrorsSummaryConsumer#stopProducing(): errorsSummary produced 0 samples
2021-02-22 13:54:23,044 INFO o.a.j.r.p.AbstractSampleConsumer: class org.apache.jmeter.report.processor.graph.impl.HitsPerSecondGraphConsumer#stopProducing(): hitsPerSecond produced 0 samples
2021-02-22 13:54:23,087 INFO o.a.j.r.p.AbstractSampleConsumer: class org.apache.jmeter.report.processor.graph.impl.LatencyVSRequestGraphConsumer#stopProducing(): latencyVsRequest produced 0 samples
2021-02-22 13:54:23,088 INFO o.a.j.r.p.AbstractSampleConsumer: class org.apache.jmeter.report.processor.graph.impl.SyntheticResponseTimeDistributionGraphConsumer#stopProducing(): syntheticResponseTimeDistribution produced 0 samples
2021-02-22 13:54:23,089 INFO o.a.j.r.p.AbstractSampleConsumer: class org.apache.jmeter.report.processor.graph.impl.BytesThroughputGraphConsumer#stopProducing(): bytesThroughputOverTime produced 0 samples
2021-02-22 13:54:23,089 INFO o.a.j.r.p.AbstractSampleConsumer: class org.apache.jmeter.report.processor.graph.impl.CodesPerSecondGraphConsumer#stopProducing(): codesPerSecond produced 0 samples
2021-02-22 13:54:23,129 INFO o.a.j.r.p.AbstractSampleConsumer: class org.apache.jmeter.report.processor.graph.impl.ResponseTimeVSRequestGraphConsumer#stopProducing(): responseTimeVsRequest produced 0 samples
2021-02-22 13:54:23,129 INFO o.a.j.r.p.AbstractSampleConsumer: class org.apache.jmeter.report.processor.FilterConsumer#stopProducing(): startIntervalControlerFilter produced 2611 samples
2021-02-22 13:54:23,130 INFO o.a.j.r.p.AbstractSampleConsumer: class org.apache.jmeter.report.processor.graph.impl.TotalTPSGraphConsumer#stopProducing(): totalTPS produced 0 samples
2021-02-22 13:54:23,130 INFO o.a.j.r.p.AbstractSampleConsumer: class org.apache.jmeter.report.processor.graph.impl.ActiveThreadsGraphConsumer#stopProducing(): activeThreadsOverTime produced 0 samples
2021-02-22 13:54:23,130 INFO o.a.j.r.p.AbstractSampleConsumer: class org.apache.jmeter.report.processor.graph.impl.TimeVSThreadGraphConsumer#stopProducing(): timeVsThreads produced 0 samples
2021-02-22 13:54:23,131 INFO o.a.j.r.p.AbstractSampleConsumer: class org.apache.jmeter.report.processor.graph.impl.ResponseTimeDistributionGraphConsumer#stopProducing(): responseTimeDistribution produced 0 samples
2021-02-22 13:54:23,131 INFO o.a.j.r.p.AbstractSampleConsumer: class org.apache.jmeter.report.processor.graph.impl.TransactionsPerSecondGraphConsumer#stopProducing(): transactionsPerSecond produced 0 samples
2021-02-22 13:54:23,131 INFO o.a.j.r.p.AbstractSampleConsumer: class org.apache.jmeter.report.processor.graph.impl.ResponseTimePercentilesGraphConsumer#stopProducing(): responseTimePercentiles produced 0 samples
2021-02-22 13:54:23,133 INFO o.a.j.r.p.AbstractSampleConsumer: class org.apache.jmeter.report.processor.graph.impl.ResponseTimePercentilesOverTimeGraphConsumer#stopProducing(): responseTimePercentilesOverTime produced 0 samples
2021-02-22 13:54:23,134 INFO o.a.j.r.p.AbstractSampleConsumer: class org.apache.jmeter.report.processor.graph.impl.ResponseTimeOverTimeGraphConsumer#stopProducing(): responseTimesOverTime produced 0 samples
2021-02-22 13:54:23,134 INFO o.a.j.r.p.AbstractSampleConsumer: class org.apache.jmeter.report.processor.graph.impl.ConnectTimeOverTimeGraphConsumer#stopProducing(): connectTimeOverTime produced 0 samples
2021-02-22 13:54:23,134 INFO o.a.j.r.p.AbstractSampleConsumer: class org.apache.jmeter.report.processor.graph.impl.LatencyOverTimeGraphConsumer#stopProducing(): latenciesOverTime produced 0 samples
2021-02-22 13:54:23,135 INFO o.a.j.r.p.AbstractSampleConsumer: class org.apache.jmeter.report.processor.FilterConsumer#stopProducing(): nameFilter produced 5595 samples
2021-02-22 13:54:23,135 INFO o.a.j.r.p.AbstractSampleConsumer: class org.apache.jmeter.report.processor.FilterConsumer#stopProducing(): dateRangeFilter produced 1119 samples
2021-02-22 13:54:23,135 INFO o.a.j.r.p.AbstractSampleConsumer: class org.apache.jmeter.report.processor.NormalizerSampleConsumer#stopProducing(): normalizer produced 373 samples
2021-02-22 13:54:23,136 INFO o.a.j.r.p.CsvFileSampleSource: produce(): 373 samples produced in 1s 125 ms on channel 0
2021-02-22 13:54:23,136 INFO o.a.j.r.d.ReportGenerator: Exporting data using exporter:'json' of className:'org.apache.jmeter.report.dashboard.JsonExporter'
2021-02-22 13:54:23,139 INFO o.a.j.r.d.JsonExporter: Found data for consumer statisticsSummaryin context
2021-02-22 13:54:23,139 INFO o.a.j.r.d.JsonExporter: Creating statistics for overall
2021-02-22 13:54:23,140 INFO o.a.j.r.d.JsonExporter: Creating statistics for other transactions
2021-02-22 13:54:23,141 INFO o.a.j.r.d.JsonExporter: Checking output folder
2021-02-22 13:54:23,141 INFO o.a.j.r.d.JsonExporter: Writing statistics JSON to D:\Projects\JArchitect-RealTime-App-Analysis\Jmeter_Performance\executions\D1\DESKTOP-VPGUUNH\20210222_134917\Report\statistics.json
2021-02-22 13:54:23,440 INFO o.a.j.r.d.ReportGenerator: Exporting data using exporter:'html' of className:'org.apache.jmeter.report.dashboard.HtmlTemplateExporter'
2021-02-22 13:54:23,444 INFO o.a.j.r.d.HtmlTemplateExporter: Will generate dashboard in folder: D:\Projects\JArchitect-RealTime-App-Analysis\Jmeter_Performance\executions\D1\DESKTOP-VPGUUNH\20210222_134917\Report
2021-02-22 13:54:23,622 ERROR f.configuration: DefaultObjectWrapper.incompatibleImprovements was set to the object returned by Configuration.getVersion(). That defeats the purpose of incompatibleImprovements, and makes upgrading FreeMarker a potentially breaking change. Also, this probably won't be allowed starting from 2.4.0. Instead, set incompatibleImprovements to the highest concrete version that's known to be compatible with your application.
2021-02-22 13:54:23,624 ERROR f.configuration: Configuration.incompatibleImprovements was set to the object returned by Configuration.getVersion(). That defeats the purpose of incompatibleImprovements, and makes upgrading FreeMarker a potentially breaking change. Also, this probably won't be allowed starting from 2.4.0. Instead, set incompatibleImprovements to the highest concrete version that's known to be compatible with your application.
2021-02-22 13:54:23,638 INFO o.a.j.r.d.HtmlTemplateExporter: Report will be generated in: D:\Projects\JArchitect-RealTime-App-Analysis\Jmeter_Performance\executions\D1\DESKTOP-VPGUUNH\20210222_134917\Report, creating folder structure
2021-02-22 13:54:23,640 INFO o.a.j.r.d.TemplateVisitor: Copying folder from 'D:\Installed\apache-jmeter-5.3\bin\report-template' to 'D:\Projects\JArchitect-RealTime-App-Analysis\Jmeter_Performance\executions\D1\DESKTOP-VPGUUNH\20210222_134917\Report', got message: D:\Projects\JArchitect-RealTime-App-Analysis\Jmeter_Performance\executions\D1\DESKTOP-VPGUUNH\20210222_134917\Report, found non empty folder with following content [D:\Projects\JArchitect-RealTime-App-Analysis\Jmeter_Performance\executions\D1\DESKTOP-VPGUUNH\20210222_134917\Report\statistics.json], will be ignored
2021-02-22 13:54:26,150 INFO o.a.j.JMeter: Dashboard generated
